Arguments: 
  C:\Program Files\nodejs\node.exe C:\Users\hansd\AppData\Roaming\npm\node_modules\yarn\bin\yarn.js install

PATH: 
  C:\ActiveTcl\bin;C:\Windows\system32;C:\Windows;C:\Windows\System32\Wbem;C:\Windows\System32\WindowsPowerShell\v1.0\;C:\Windows\System32\OpenSSH\;C:\Program Files (x86)\NVIDIA Corporation\PhysX\Common;C:\Program Files\NVIDIA Corporation\NVIDIA NvDLISR;C:\HashiCorp\Vagrant\bin;C:\MinGW\bin;C:\Program Files\dotnet\;C:\Program Files\MATLAB\R2022b\bin;C:\Program Files\Git\cmd;C:\Program Files\Docker\Docker\resources\bin;C:\Users\hansd\AppData\Local\Packages\PythonSoftwareFoundation.Python.3.9_qbz5n2kfra8p0\LocalCache\local-packages\Python39\Scripts;C:\ProgramData\chocolatey\bin;C:\Program Files\nodejs\;C:\Ruby27\bin;C:\Program Files\MySQL\MySQL Shell 8.0\bin\;C:\Users\hansd\AppData\Local\Microsoft\WindowsApps;C:\Users\hansd\AppData\Local\Programs\Microsoft VS Code\bin;C:\Users\hansd\AppData\Local\Packages\PythonSoftwareFoundation.Python.3.9_qbz5n2kfra8p0\LocalCache\local-packages\Python39\Scripts;C:\Program Files (x86)\heroku\bin;C:\Users\hansd\AppData\Roaming\npm

Yarn version: 
  1.22.19

Node version: 
  18.16.1

Platform: 
  win32 x64

Trace: 
  Error: https://registry.yarnpkg.com/firebase%2fapp: Request "https://registry.yarnpkg.com/firebase%2fapp" returned a 405
      at params.callback [as _callback] (C:\Users\hansd\AppData\Roaming\npm\node_modules\yarn\lib\cli.js:66154:18)
      at self.callback (C:\Users\hansd\AppData\Roaming\npm\node_modules\yarn\lib\cli.js:140890:22)
      at Request.emit (node:events:513:28)
      at Request.<anonymous> (C:\Users\hansd\AppData\Roaming\npm\node_modules\yarn\lib\cli.js:141862:10)
      at Request.emit (node:events:513:28)
      at IncomingMessage.<anonymous> (C:\Users\hansd\AppData\Roaming\npm\node_modules\yarn\lib\cli.js:141784:12)
      at Object.onceWrapper (node:events:627:28)
      at IncomingMessage.emit (node:events:525:35)
      at endReadableNT (node:internal/streams/readable:1359:12)
      at process.processTicksAndRejections (node:internal/process/task_queues:82:21)

npm manifest: 
  {
    "name": "food_delivery",
    "version": "1.0.0",
    "main": "node_modules/expo/AppEntry.js",
    "scripts": {
      "start": "expo start",
      "android": "expo start --android",
      "ios": "expo start --ios",
      "web": "expo start --web"
    },
    "dependencies": {
      "@expo/webpack-config": "^18.0.1",
      "@react-native-async-storage/async-storage": "1.17.11",
      "@reduxjs/toolkit": "^1.9.5",
      "axios": "^1.4.0",
      "expo": "~48.0.18",
      "expo-status-bar": "~1.4.4",
      "express": "^4.18.2",
      "firebase": "^9.23.0",
      "firebase/app": "^9.23.0",
      "firebase/auth": "^9.23.0",
      "react": "18.2.0",
      "react-dom": "18.2.0",
      "react-native": "0.71.8",
      "react-native-google-places-autocomplete": "^2.5.1",
      "react-native-maps": "^1.7.1",
      "react-native-vector-icons": "^9.2.0",
      "react-native-web": "~0.18.10"
    },
    "devDependencies": {
      "@babel/core": "^7.20.0"
    },
    "private": true
  }

yarn manifest: 
  No manifest

Lockfile: 
  No lockfile
